<?xml version="1.0" encoding="UTF-8"?>
<testsuite xmlns:xsi="http://www.w3.org/2001/XMLSchema-instance" xsi:noNamespaceSchemaLocation="https://maven.apache.org/surefire/maven-surefire-plugin/xsd/surefire-test-report.xsd" name="courier.CourierNegativeParamTest" time="60.548" tests="2" errors="2" skipped="0" failures="0">
  <properties>
[...]
</properties>
  <testcase name="createCourierWithOutOneParameterCheckStatusCode[0]" classname="courier.CourierNegativeParamTest" time="60.117">
    <error message="Cannot invoke the path method because no content-type was present in the response and no default parser has been set.&#10;&#10;You can specify a default parser using e.g.:&#10;RestAssured.defaultParser = Parser.JSON;&#10;" type="java.lang.IllegalStateException">java.lang.IllegalStateException: 
Cannot invoke the path method because no content-type was present in the response and no default parser has been set.

You can specify a default parser using e.g.:
RestAssured.defaultParser = Parser.JSON;

	at courier.CourierNegativeParamTest.createCourierWithOutOneParameterCheckStatusCode(CourierNegativeParamTest.java:55)
</error>
  </testcase>
  <testcase name="createCourierWithOutOneParameterCheckStatusCode[1]" classname="courier.CourierNegativeParamTest" time="0.424">
    <error type="java.lang.NullPointerException">java.lang.NullPointerException
	at courier.CourierNegativeParamTest.createCourierWithOutOneParameterCheckStatusCode(CourierNegativeParamTest.java:55)
</error>
  </testcase>
</testsuite>